<?xml version="1.0" encoding="UTF-8"?>
<!-- Generated by org.testng.reporters.JUnitReportReporter -->
<testsuite skipped="0" hostname="DELL" name="org.practice.Sample" tests="2" failures="0" timestamp="2023-08-06T11:12:35 IST" time="0.016" errors="0">
  <testcase name="tc1" time="0.013" classname="org.practice.Sample"/>
  <system-out/>
  <testcase name="tc3" time="0.003" classname="org.practice.Sample"/>
  <system-out/>
</testsuite> <!-- org.practice.Sample -->
