<?xml version="1.0" encoding="UTF-8"?>
<!-- Generated by org.testng.reporters.JUnitReportReporter -->
<testsuite skipped="0" hostname="DELL" name="org.practice.Groups" tests="1" failures="0" timestamp="2023-08-06T11:32:43 IST" time="0.000" errors="0">
  <testcase name="tc1" time="0.000" classname="org.practice.Groups"/>
  <system-out/>
</testsuite> <!-- org.practice.Groups -->
