<?xml version="1.0" encoding="UTF-8"?>
<!-- Generated by org.testng.reporters.JUnitReportReporter -->
<testsuite skipped="0" hostname="DELL" name="org.testngflipkart.TestngFlipkart" tests="3" failures="0" timestamp="2023-07-30T12:00:27 IST" time="10.949" errors="0">
  <testcase name="tc1" time="3.846" classname="org.testngflipkart.TestngFlipkart"/>
  <system-out/>
  <testcase name="tc2" time="3.729" classname="org.testngflipkart.TestngFlipkart"/>
  <system-out/>
  <testcase name="tc3" time="3.374" classname="org.testngflipkart.TestngFlipkart"/>
  <system-out/>
</testsuite> <!-- org.testngflipkart.TestngFlipkart -->
