<?xml version="1.0" encoding="UTF-8"?>
<!-- Generated by org.testng.reporters.JUnitReportReporter -->
<testsuite skipped="0" hostname="DELL" name="org.testngadactin.TestngAdactin" tests="5" failures="0" timestamp="2023-08-02T09:19:36 IST" time="27.438" errors="0">
  <testcase name="ts3" time="4.708" classname="org.testngadactin.TestngAdactin"/>
  <system-out/>
  <testcase name="ts2" time="5.108" classname="org.testngadactin.TestngAdactin"/>
  <system-out/>
  <testcase name="ts5" time="8.365" classname="org.testngadactin.TestngAdactin"/>
  <system-out/>
  <testcase name="ts4" time="4.345" classname="org.testngadactin.TestngAdactin"/>
  <system-out/>
  <testcase name="ts1" time="4.912" classname="org.testngadactin.TestngAdactin"/>
  <system-out/>
</testsuite> <!-- org.testngadactin.TestngAdactin -->
