<?xml version="1.0" encoding="UTF-8"?>
<!-- Generated by org.testng.reporters.JUnitReportReporter -->
<testsuite skipped="0" hostname="DELL" name="org.practice.Paramaterization" tests="1" failures="0" timestamp="2023-08-06T16:03:03 IST" time="6.975" errors="0">
  <testcase name="loginFeilds1" time="6.975" classname="org.practice.Paramaterization"/>
  <system-out/>
</testsuite> <!-- org.practice.Paramaterization -->
