<?xml version="1.0" encoding="UTF-8"?>
<!-- Generated by org.testng.reporters.JUnitReportReporter -->
<testsuite hostname="DELL" failures="0" tests="3" name="org.testngfacebook.TestngFacebook" time="58.303" errors="0" timestamp="2023-09-13T13:42:59 IST" skipped="0">
  <testcase classname="org.testngfacebook.TestngFacebook" name="userLogin" time="26.174"/>
  <system-out/>
  <testcase classname="org.testngfacebook.TestngFacebook" name="userLogin" time="20.204"/>
  <system-out/>
  <testcase classname="org.testngfacebook.TestngFacebook" name="userLogin" time="11.925"/>
  <system-out/>
</testsuite> <!-- org.testngfacebook.TestngFacebook -->
